<?xml version="1.0" encoding="UTF-8"?>
<testsuite name="hello.TestGreeter" tests="4" skipped="0" failures="0" errors="0" timestamp="2017-11-01T03:30:01" hostname="DESKTOP-6M0P50H" time="0.004">
  <properties/>
  <testcase name="testGreeter" classname="hello.TestGreeter" time="0.001"/>
  <testcase name="testGreeterEmpty" classname="hello.TestGreeter" time="0.0"/>
  <testcase name="newestJAGreeterFail" classname="hello.TestGreeter" time="0.001"/>
  <testcase name="newestJAGreeterPass" classname="hello.TestGreeter" time="0.001"/>
  <system-out><![CDATA[Hello Juan!Hello Team Latte!]]></system-out>
  <system-err><![CDATA[]]></system-err>
</testsuite>
